Wed Feb  5 16:28:00 MST 2020
Hello from compute010.

                            < M A T L A B (R) >
                  Copyright 1984-2017 The MathWorks, Inc.
                   R2017a (9.2.0.556344) 64-bit (glnxa64)
                               March 27, 2017

 
To get started, type one of these: helpwin, helpdesk, or demo.
For product information, visit www.mathworks.com.
 
0 + 1000 = 1000 
1 + 999 = 1000 
2 + 998 = 1000 
3 + 997 = 1000 
4 + 996 = 1000 
5 + 995 = 1000 
6 + 994 = 1000 
7 + 993 = 1000 
8 + 992 = 1000 
9 + 991 = 1000 
10 + 990 = 1000 
11 + 989 = 1000 
12 + 988 = 1000 
13 + 987 = 1000 
14 + 986 = 1000 
15 + 985 = 1000 
16 + 984 = 1000 
17 + 983 = 1000 
18 + 982 = 1000 
19 + 981 = 1000 
20 + 980 = 1000 
21 + 979 = 1000 
22 + 978 = 1000 
23 + 977 = 1000 
24 + 976 = 1000 
25 + 975 = 1000 
26 + 974 = 1000 
27 + 973 = 1000 
28 + 972 = 1000 
29 + 971 = 1000 
30 + 970 = 1000 
31 + 969 = 1000 
32 + 968 = 1000 
33 + 967 = 1000 
34 + 966 = 1000 
35 + 965 = 1000 
36 + 964 = 1000 
37 + 963 = 1000 
38 + 962 = 1000 
39 + 961 = 1000 
40 + 960 = 1000 
41 + 959 = 1000 
42 + 958 = 1000 
43 + 957 = 1000 
44 + 956 = 1000 
45 + 955 = 1000 
46 + 954 = 1000 
47 + 953 = 1000 
48 + 952 = 1000 
49 + 951 = 1000 
50 + 950 = 1000 
51 + 949 = 1000 
52 + 948 = 1000 
53 + 947 = 1000 
54 + 946 = 1000 
55 + 945 = 1000 
56 + 944 = 1000 
57 + 943 = 1000 
58 + 942 = 1000 
59 + 941 = 1000 
60 + 940 = 1000 
61 + 939 = 1000 
62 + 938 = 1000 
63 + 937 = 1000 
64 + 936 = 1000 
65 + 935 = 1000 
66 + 934 = 1000 
67 + 933 = 1000 
68 + 932 = 1000 
69 + 931 = 1000 
70 + 930 = 1000 
71 + 929 = 1000 
72 + 928 = 1000 
73 + 927 = 1000 
74 + 926 = 1000 
75 + 925 = 1000 
76 + 924 = 1000 
77 + 923 = 1000 
78 + 922 = 1000 
79 + 921 = 1000 
80 + 920 = 1000 
81 + 919 = 1000 
82 + 918 = 1000 
83 + 917 = 1000 
84 + 916 = 1000 
85 + 915 = 1000 
86 + 914 = 1000 
87 + 913 = 1000 
88 + 912 = 1000 
89 + 911 = 1000 
90 + 910 = 1000 
91 + 909 = 1000 
92 + 908 = 1000 
93 + 907 = 1000 
94 + 906 = 1000 
95 + 905 = 1000 
96 + 904 = 1000 
97 + 903 = 1000 
98 + 902 = 1000 
99 + 901 = 1000 
100 + 900 = 1000 
101 + 899 = 1000 
102 + 898 = 1000 
103 + 897 = 1000 
104 + 896 = 1000 
105 + 895 = 1000 
106 + 894 = 1000 
107 + 893 = 1000 
108 + 892 = 1000 
109 + 891 = 1000 
110 + 890 = 1000 
111 + 889 = 1000 
112 + 888 = 1000 
113 + 887 = 1000 
114 + 886 = 1000 
115 + 885 = 1000 
116 + 884 = 1000 
117 + 883 = 1000 
118 + 882 = 1000 
119 + 881 = 1000 
120 + 880 = 1000 
121 + 879 = 1000 
122 + 878 = 1000 
123 + 877 = 1000 
124 + 876 = 1000 
125 + 875 = 1000 
126 + 874 = 1000 
127 + 873 = 1000 
128 + 872 = 1000 
129 + 871 = 1000 
130 + 870 = 1000 
131 + 869 = 1000 
132 + 868 = 1000 
133 + 867 = 1000 
134 + 866 = 1000 
135 + 865 = 1000 
136 + 864 = 1000 
137 + 863 = 1000 
138 + 862 = 1000 
139 + 861 = 1000 
140 + 860 = 1000 
141 + 859 = 1000 
142 + 858 = 1000 
143 + 857 = 1000 
144 + 856 = 1000 
145 + 855 = 1000 
146 + 854 = 1000 
147 + 853 = 1000 
148 + 852 = 1000 
149 + 851 = 1000 
150 + 850 = 1000 
151 + 849 = 1000 
152 + 848 = 1000 
153 + 847 = 1000 
154 + 846 = 1000 
155 + 845 = 1000 
156 + 844 = 1000 
157 + 843 = 1000 
158 + 842 = 1000 
159 + 841 = 1000 
160 + 840 = 1000 
161 + 839 = 1000 
162 + 838 = 1000 
163 + 837 = 1000 
164 + 836 = 1000 
165 + 835 = 1000 
166 + 834 = 1000 
167 + 833 = 1000 
168 + 832 = 1000 
169 + 831 = 1000 
170 + 830 = 1000 
171 + 829 = 1000 
172 + 828 = 1000 
173 + 827 = 1000 
174 + 826 = 1000 
175 + 825 = 1000 
176 + 824 = 1000 
177 + 823 = 1000 
178 + 822 = 1000 
179 + 821 = 1000 
180 + 820 = 1000 
181 + 819 = 1000 
182 + 818 = 1000 
183 + 817 = 1000 
184 + 816 = 1000 
185 + 815 = 1000 
186 + 814 = 1000 
187 + 813 = 1000 
188 + 812 = 1000 
189 + 811 = 1000 
190 + 810 = 1000 
191 + 809 = 1000 
192 + 808 = 1000 
193 + 807 = 1000 
194 + 806 = 1000 
195 + 805 = 1000 
196 + 804 = 1000 
197 + 803 = 1000 
198 + 802 = 1000 
199 + 801 = 1000 
200 + 800 = 1000 
201 + 799 = 1000 
202 + 798 = 1000 
203 + 797 = 1000 
204 + 796 = 1000 
205 + 795 = 1000 
206 + 794 = 1000 
207 + 793 = 1000 
208 + 792 = 1000 
209 + 791 = 1000 
210 + 790 = 1000 
211 + 789 = 1000 
212 + 788 = 1000 
213 + 787 = 1000 
214 + 786 = 1000 
215 + 785 = 1000 
216 + 784 = 1000 
217 + 783 = 1000 
218 + 782 = 1000 
219 + 781 = 1000 
220 + 780 = 1000 
221 + 779 = 1000 
222 + 778 = 1000 
223 + 777 = 1000 
224 + 776 = 1000 
225 + 775 = 1000 
226 + 774 = 1000 
227 + 773 = 1000 
228 + 772 = 1000 
229 + 771 = 1000 
230 + 770 = 1000 
231 + 769 = 1000 
232 + 768 = 1000 
233 + 767 = 1000 
234 + 766 = 1000 
235 + 765 = 1000 
236 + 764 = 1000 
237 + 763 = 1000 
238 + 762 = 1000 
239 + 761 = 1000 
240 + 760 = 1000 
241 + 759 = 1000 
242 + 758 = 1000 
243 + 757 = 1000 
244 + 756 = 1000 
245 + 755 = 1000 
246 + 754 = 1000 
247 + 753 = 1000 
248 + 752 = 1000 
249 + 751 = 1000 
250 + 750 = 1000 
251 + 749 = 1000 
252 + 748 = 1000 
253 + 747 = 1000 
254 + 746 = 1000 
255 + 745 = 1000 
256 + 744 = 1000 
257 + 743 = 1000 
258 + 742 = 1000 
259 + 741 = 1000 
260 + 740 = 1000 
261 + 739 = 1000 
262 + 738 = 1000 
263 + 737 = 1000 
264 + 736 = 1000 
265 + 735 = 1000 
266 + 734 = 1000 
267 + 733 = 1000 
268 + 732 = 1000 
269 + 731 = 1000 
270 + 730 = 1000 
271 + 729 = 1000 
272 + 728 = 1000 
273 + 727 = 1000 
274 + 726 = 1000 
275 + 725 = 1000 
276 + 724 = 1000 
277 + 723 = 1000 
278 + 722 = 1000 
279 + 721 = 1000 
280 + 720 = 1000 
281 + 719 = 1000 
282 + 718 = 1000 
283 + 717 = 1000 
284 + 716 = 1000 
285 + 715 = 1000 
286 + 714 = 1000 
287 + 713 = 1000 
288 + 712 = 1000 
289 + 711 = 1000 
290 + 710 = 1000 
291 + 709 = 1000 
292 + 708 = 1000 
293 + 707 = 1000 
294 + 706 = 1000 
295 + 705 = 1000 
296 + 704 = 1000 
297 + 703 = 1000 
298 + 702 = 1000 
299 + 701 = 1000 
300 + 700 = 1000 
301 + 699 = 1000 
302 + 698 = 1000 
303 + 697 = 1000 
304 + 696 = 1000 
305 + 695 = 1000 
306 + 694 = 1000 
307 + 693 = 1000 
308 + 692 = 1000 
309 + 691 = 1000 
310 + 690 = 1000 
311 + 689 = 1000 
312 + 688 = 1000 
313 + 687 = 1000 
314 + 686 = 1000 
315 + 685 = 1000 
316 + 684 = 1000 
317 + 683 = 1000 
318 + 682 = 1000 
319 + 681 = 1000 
320 + 680 = 1000 
321 + 679 = 1000 
322 + 678 = 1000 
323 + 677 = 1000 
324 + 676 = 1000 
325 + 675 = 1000 
326 + 674 = 1000 
327 + 673 = 1000 
328 + 672 = 1000 
329 + 671 = 1000 
330 + 670 = 1000 
331 + 669 = 1000 
332 + 668 = 1000 
333 + 667 = 1000 
334 + 666 = 1000 
335 + 665 = 1000 
336 + 664 = 1000 
337 + 663 = 1000 
338 + 662 = 1000 
339 + 661 = 1000 
340 + 660 = 1000 
341 + 659 = 1000 
342 + 658 = 1000 
343 + 657 = 1000 
344 + 656 = 1000 
345 + 655 = 1000 
346 + 654 = 1000 
347 + 653 = 1000 
348 + 652 = 1000 
349 + 651 = 1000 
350 + 650 = 1000 
351 + 649 = 1000 
352 + 648 = 1000 
353 + 647 = 1000 
354 + 646 = 1000 
355 + 645 = 1000 
356 + 644 = 1000 
357 + 643 = 1000 
358 + 642 = 1000 
359 + 641 = 1000 
360 + 640 = 1000 
361 + 639 = 1000 
362 + 638 = 1000 
363 + 637 = 1000 
364 + 636 = 1000 
365 + 635 = 1000 
366 + 634 = 1000 
367 + 633 = 1000 
368 + 632 = 1000 
369 + 631 = 1000 
370 + 630 = 1000 
371 + 629 = 1000 
372 + 628 = 1000 
373 + 627 = 1000 
374 + 626 = 1000 
375 + 625 = 1000 
376 + 624 = 1000 
377 + 623 = 1000 
378 + 622 = 1000 
379 + 621 = 1000 
380 + 620 = 1000 
381 + 619 = 1000 
382 + 618 = 1000 
383 + 617 = 1000 
384 + 616 = 1000 
385 + 615 = 1000 
386 + 614 = 1000 
387 + 613 = 1000 
388 + 612 = 1000 
389 + 611 = 1000 
390 + 610 = 1000 
391 + 609 = 1000 
392 + 608 = 1000 
393 + 607 = 1000 
394 + 606 = 1000 
395 + 605 = 1000 
396 + 604 = 1000 
397 + 603 = 1000 
398 + 602 = 1000 
399 + 601 = 1000 
400 + 600 = 1000 
401 + 599 = 1000 
402 + 598 = 1000 
403 + 597 = 1000 
404 + 596 = 1000 
405 + 595 = 1000 
406 + 594 = 1000 
407 + 593 = 1000 
408 + 592 = 1000 
409 + 591 = 1000 
410 + 590 = 1000 
411 + 589 = 1000 
412 + 588 = 1000 
413 + 587 = 1000 
414 + 586 = 1000 
415 + 585 = 1000 
416 + 584 = 1000 
417 + 583 = 1000 
418 + 582 = 1000 
419 + 581 = 1000 
420 + 580 = 1000 
421 + 579 = 1000 
422 + 578 = 1000 
423 + 577 = 1000 
424 + 576 = 1000 
425 + 575 = 1000 
426 + 574 = 1000 
427 + 573 = 1000 
428 + 572 = 1000 
429 + 571 = 1000 
430 + 570 = 1000 
431 + 569 = 1000 
432 + 568 = 1000 
433 + 567 = 1000 
434 + 566 = 1000 
435 + 565 = 1000 
436 + 564 = 1000 
437 + 563 = 1000 
438 + 562 = 1000 
439 + 561 = 1000 
440 + 560 = 1000 
441 + 559 = 1000 
442 + 558 = 1000 
443 + 557 = 1000 
444 + 556 = 1000 
445 + 555 = 1000 
446 + 554 = 1000 
447 + 553 = 1000 
448 + 552 = 1000 
449 + 551 = 1000 
450 + 550 = 1000 
451 + 549 = 1000 
452 + 548 = 1000 
453 + 547 = 1000 
454 + 546 = 1000 
455 + 545 = 1000 
456 + 544 = 1000 
457 + 543 = 1000 
458 + 542 = 1000 
459 + 541 = 1000 
460 + 540 = 1000 
461 + 539 = 1000 
462 + 538 = 1000 
463 + 537 = 1000 
464 + 536 = 1000 
465 + 535 = 1000 
466 + 534 = 1000 
467 + 533 = 1000 
468 + 532 = 1000 
469 + 531 = 1000 
470 + 530 = 1000 
471 + 529 = 1000 
472 + 528 = 1000 
473 + 527 = 1000 
474 + 526 = 1000 
475 + 525 = 1000 
476 + 524 = 1000 
477 + 523 = 1000 
478 + 522 = 1000 
479 + 521 = 1000 
480 + 520 = 1000 
481 + 519 = 1000 
482 + 518 = 1000 
483 + 517 = 1000 
484 + 516 = 1000 
485 + 515 = 1000 
486 + 514 = 1000 
487 + 513 = 1000 
488 + 512 = 1000 
489 + 511 = 1000 
490 + 510 = 1000 
491 + 509 = 1000 
492 + 508 = 1000 
493 + 507 = 1000 
494 + 506 = 1000 
495 + 505 = 1000 
496 + 504 = 1000 
497 + 503 = 1000 
498 + 502 = 1000 
499 + 501 = 1000 
500 + 500 = 1000 
501 + 499 = 1000 
502 + 498 = 1000 
503 + 497 = 1000 
504 + 496 = 1000 
505 + 495 = 1000 
506 + 494 = 1000 
507 + 493 = 1000 
508 + 492 = 1000 
509 + 491 = 1000 
510 + 490 = 1000 
511 + 489 = 1000 
512 + 488 = 1000 
513 + 487 = 1000 
514 + 486 = 1000 
515 + 485 = 1000 
516 + 484 = 1000 
517 + 483 = 1000 
518 + 482 = 1000 
519 + 481 = 1000 
520 + 480 = 1000 
521 + 479 = 1000 
522 + 478 = 1000 
523 + 477 = 1000 
524 + 476 = 1000 
525 + 475 = 1000 
526 + 474 = 1000 
527 + 473 = 1000 
528 + 472 = 1000 
529 + 471 = 1000 
530 + 470 = 1000 
531 + 469 = 1000 
532 + 468 = 1000 
533 + 467 = 1000 
534 + 466 = 1000 
535 + 465 = 1000 
536 + 464 = 1000 
537 + 463 = 1000 
538 + 462 = 1000 
539 + 461 = 1000 
540 + 460 = 1000 
541 + 459 = 1000 
542 + 458 = 1000 
543 + 457 = 1000 
544 + 456 = 1000 
545 + 455 = 1000 
546 + 454 = 1000 
547 + 453 = 1000 
548 + 452 = 1000 
549 + 451 = 1000 
550 + 450 = 1000 
551 + 449 = 1000 
552 + 448 = 1000 
553 + 447 = 1000 
554 + 446 = 1000 
555 + 445 = 1000 
556 + 444 = 1000 
557 + 443 = 1000 
558 + 442 = 1000 
559 + 441 = 1000 
560 + 440 = 1000 
561 + 439 = 1000 
562 + 438 = 1000 
563 + 437 = 1000 
564 + 436 = 1000 
565 + 435 = 1000 
566 + 434 = 1000 
567 + 433 = 1000 
568 + 432 = 1000 
569 + 431 = 1000 
570 + 430 = 1000 
571 + 429 = 1000 
572 + 428 = 1000 
573 + 427 = 1000 
574 + 426 = 1000 
575 + 425 = 1000 
576 + 424 = 1000 
577 + 423 = 1000 
578 + 422 = 1000 
579 + 421 = 1000 
580 + 420 = 1000 
581 + 419 = 1000 
582 + 418 = 1000 
583 + 417 = 1000 
584 + 416 = 1000 
585 + 415 = 1000 
586 + 414 = 1000 
587 + 413 = 1000 
588 + 412 = 1000 
589 + 411 = 1000 
590 + 410 = 1000 
591 + 409 = 1000 
592 + 408 = 1000 
593 + 407 = 1000 
594 + 406 = 1000 
595 + 405 = 1000 
596 + 404 = 1000 
597 + 403 = 1000 
598 + 402 = 1000 
599 + 401 = 1000 
600 + 400 = 1000 
601 + 399 = 1000 
602 + 398 = 1000 
603 + 397 = 1000 
604 + 396 = 1000 
605 + 395 = 1000 
606 + 394 = 1000 
607 + 393 = 1000 
608 + 392 = 1000 
609 + 391 = 1000 
610 + 390 = 1000 
611 + 389 = 1000 
612 + 388 = 1000 
613 + 387 = 1000 
614 + 386 = 1000 
615 + 385 = 1000 
616 + 384 = 1000 
617 + 383 = 1000 
618 + 382 = 1000 
619 + 381 = 1000 
620 + 380 = 1000 
621 + 379 = 1000 
622 + 378 = 1000 
623 + 377 = 1000 
624 + 376 = 1000 
625 + 375 = 1000 
626 + 374 = 1000 
627 + 373 = 1000 
628 + 372 = 1000 
629 + 371 = 1000 
630 + 370 = 1000 
631 + 369 = 1000 
632 + 368 = 1000 
633 + 367 = 1000 
634 + 366 = 1000 
635 + 365 = 1000 
636 + 364 = 1000 
637 + 363 = 1000 
638 + 362 = 1000 
639 + 361 = 1000 
640 + 360 = 1000 
641 + 359 = 1000 
642 + 358 = 1000 
643 + 357 = 1000 
644 + 356 = 1000 
645 + 355 = 1000 
646 + 354 = 1000 
647 + 353 = 1000 
648 + 352 = 1000 
649 + 351 = 1000 
650 + 350 = 1000 
651 + 349 = 1000 
652 + 348 = 1000 
653 + 347 = 1000 
654 + 346 = 1000 
655 + 345 = 1000 
656 + 344 = 1000 
657 + 343 = 1000 
658 + 342 = 1000 
659 + 341 = 1000 
660 + 340 = 1000 
661 + 339 = 1000 
662 + 338 = 1000 
663 + 337 = 1000 
664 + 336 = 1000 
665 + 335 = 1000 
666 + 334 = 1000 
667 + 333 = 1000 
668 + 332 = 1000 
669 + 331 = 1000 
670 + 330 = 1000 
671 + 329 = 1000 
672 + 328 = 1000 
673 + 327 = 1000 
674 + 326 = 1000 
675 + 325 = 1000 
676 + 324 = 1000 
677 + 323 = 1000 
678 + 322 = 1000 
679 + 321 = 1000 
680 + 320 = 1000 
681 + 319 = 1000 
682 + 318 = 1000 
683 + 317 = 1000 
684 + 316 = 1000 
685 + 315 = 1000 
686 + 314 = 1000 
687 + 313 = 1000 
688 + 312 = 1000 
689 + 311 = 1000 
690 + 310 = 1000 
691 + 309 = 1000 
692 + 308 = 1000 
693 + 307 = 1000 
694 + 306 = 1000 
695 + 305 = 1000 
696 + 304 = 1000 
697 + 303 = 1000 
698 + 302 = 1000 
699 + 301 = 1000 
700 + 300 = 1000 
701 + 299 = 1000 
702 + 298 = 1000 
703 + 297 = 1000 
704 + 296 = 1000 
705 + 295 = 1000 
706 + 294 = 1000 
707 + 293 = 1000 
708 + 292 = 1000 
709 + 291 = 1000 
710 + 290 = 1000 
711 + 289 = 1000 
712 + 288 = 1000 
713 + 287 = 1000 
714 + 286 = 1000 
715 + 285 = 1000 
716 + 284 = 1000 
717 + 283 = 1000 
718 + 282 = 1000 
719 + 281 = 1000 
720 + 280 = 1000 
721 + 279 = 1000 
722 + 278 = 1000 
723 + 277 = 1000 
724 + 276 = 1000 
725 + 275 = 1000 
726 + 274 = 1000 
727 + 273 = 1000 
728 + 272 = 1000 
729 + 271 = 1000 
730 + 270 = 1000 
731 + 269 = 1000 
732 + 268 = 1000 
733 + 267 = 1000 
734 + 266 = 1000 
735 + 265 = 1000 
736 + 264 = 1000 
737 + 263 = 1000 
738 + 262 = 1000 
739 + 261 = 1000 
740 + 260 = 1000 
741 + 259 = 1000 
742 + 258 = 1000 
743 + 257 = 1000 
744 + 256 = 1000 
745 + 255 = 1000 
746 + 254 = 1000 
747 + 253 = 1000 
748 + 252 = 1000 
749 + 251 = 1000 
750 + 250 = 1000 
751 + 249 = 1000 
752 + 248 = 1000 
753 + 247 = 1000 
754 + 246 = 1000 
755 + 245 = 1000 
756 + 244 = 1000 
757 + 243 = 1000 
758 + 242 = 1000 
759 + 241 = 1000 
760 + 240 = 1000 
761 + 239 = 1000 
762 + 238 = 1000 
763 + 237 = 1000 
764 + 236 = 1000 
765 + 235 = 1000 
766 + 234 = 1000 
767 + 233 = 1000 
768 + 232 = 1000 
769 + 231 = 1000 
770 + 230 = 1000 
771 + 229 = 1000 
772 + 228 = 1000 
773 + 227 = 1000 
774 + 226 = 1000 
775 + 225 = 1000 
776 + 224 = 1000 
777 + 223 = 1000 
778 + 222 = 1000 
779 + 221 = 1000 
780 + 220 = 1000 
781 + 219 = 1000 
782 + 218 = 1000 
783 + 217 = 1000 
784 + 216 = 1000 
785 + 215 = 1000 
786 + 214 = 1000 
787 + 213 = 1000 
788 + 212 = 1000 
789 + 211 = 1000 
790 + 210 = 1000 
791 + 209 = 1000 
792 + 208 = 1000 
793 + 207 = 1000 
794 + 206 = 1000 
795 + 205 = 1000 
796 + 204 = 1000 
797 + 203 = 1000 
798 + 202 = 1000 
799 + 201 = 1000 
800 + 200 = 1000 
801 + 199 = 1000 
802 + 198 = 1000 
803 + 197 = 1000 
804 + 196 = 1000 
805 + 195 = 1000 
806 + 194 = 1000 
807 + 193 = 1000 
808 + 192 = 1000 
809 + 191 = 1000 
810 + 190 = 1000 
811 + 189 = 1000 
812 + 188 = 1000 
813 + 187 = 1000 
814 + 186 = 1000 
815 + 185 = 1000 
816 + 184 = 1000 
817 + 183 = 1000 
818 + 182 = 1000 
819 + 181 = 1000 
820 + 180 = 1000 
821 + 179 = 1000 
822 + 178 = 1000 
823 + 177 = 1000 
824 + 176 = 1000 
825 + 175 = 1000 
826 + 174 = 1000 
827 + 173 = 1000 
828 + 172 = 1000 
829 + 171 = 1000 
830 + 170 = 1000 
831 + 169 = 1000 
832 + 168 = 1000 
833 + 167 = 1000 
834 + 166 = 1000 
835 + 165 = 1000 
836 + 164 = 1000 
837 + 163 = 1000 
838 + 162 = 1000 
839 + 161 = 1000 
840 + 160 = 1000 
841 + 159 = 1000 
842 + 158 = 1000 
843 + 157 = 1000 
844 + 156 = 1000 
845 + 155 = 1000 
846 + 154 = 1000 
847 + 153 = 1000 
848 + 152 = 1000 
849 + 151 = 1000 
850 + 150 = 1000 
851 + 149 = 1000 
852 + 148 = 1000 
853 + 147 = 1000 
854 + 146 = 1000 
855 + 145 = 1000 
856 + 144 = 1000 
857 + 143 = 1000 
858 + 142 = 1000 
859 + 141 = 1000 
860 + 140 = 1000 
861 + 139 = 1000 
862 + 138 = 1000 
863 + 137 = 1000 
864 + 136 = 1000 
865 + 135 = 1000 
866 + 134 = 1000 
867 + 133 = 1000 
868 + 132 = 1000 
869 + 131 = 1000 
870 + 130 = 1000 
871 + 129 = 1000 
872 + 128 = 1000 
873 + 127 = 1000 
874 + 126 = 1000 
875 + 125 = 1000 
876 + 124 = 1000 
877 + 123 = 1000 
878 + 122 = 1000 
879 + 121 = 1000 
880 + 120 = 1000 
881 + 119 = 1000 
882 + 118 = 1000 
883 + 117 = 1000 
884 + 116 = 1000 
885 + 115 = 1000 
886 + 114 = 1000 
887 + 113 = 1000 
888 + 112 = 1000 
889 + 111 = 1000 
890 + 110 = 1000 
891 + 109 = 1000 
892 + 108 = 1000 
893 + 107 = 1000 
894 + 106 = 1000 
895 + 105 = 1000 
896 + 104 = 1000 
897 + 103 = 1000 
898 + 102 = 1000 
899 + 101 = 1000 
900 + 100 = 1000 
901 + 99 = 1000 
902 + 98 = 1000 
903 + 97 = 1000 
904 + 96 = 1000 
905 + 95 = 1000 
906 + 94 = 1000 
907 + 93 = 1000 
908 + 92 = 1000 
909 + 91 = 1000 
910 + 90 = 1000 
911 + 89 = 1000 
912 + 88 = 1000 
913 + 87 = 1000 
914 + 86 = 1000 
915 + 85 = 1000 
916 + 84 = 1000 
917 + 83 = 1000 
918 + 82 = 1000 
919 + 81 = 1000 
920 + 80 = 1000 
921 + 79 = 1000 
922 + 78 = 1000 
923 + 77 = 1000 
924 + 76 = 1000 
925 + 75 = 1000 
926 + 74 = 1000 
927 + 73 = 1000 
928 + 72 = 1000 
929 + 71 = 1000 
930 + 70 = 1000 
931 + 69 = 1000 
932 + 68 = 1000 
933 + 67 = 1000 
934 + 66 = 1000 
935 + 65 = 1000 
936 + 64 = 1000 
937 + 63 = 1000 
938 + 62 = 1000 
939 + 61 = 1000 
940 + 60 = 1000 
941 + 59 = 1000 
942 + 58 = 1000 
943 + 57 = 1000 
944 + 56 = 1000 
945 + 55 = 1000 
946 + 54 = 1000 
947 + 53 = 1000 
948 + 52 = 1000 
949 + 51 = 1000 
950 + 50 = 1000 
951 + 49 = 1000 
952 + 48 = 1000 
953 + 47 = 1000 
954 + 46 = 1000 
955 + 45 = 1000 
956 + 44 = 1000 
957 + 43 = 1000 
958 + 42 = 1000 
959 + 41 = 1000 
960 + 40 = 1000 
961 + 39 = 1000 
962 + 38 = 1000 
963 + 37 = 1000 
964 + 36 = 1000 
965 + 35 = 1000 
966 + 34 = 1000 
967 + 33 = 1000 
968 + 32 = 1000 
969 + 31 = 1000 
970 + 30 = 1000 
971 + 29 = 1000 
972 + 28 = 1000 
973 + 27 = 1000 
974 + 26 = 1000 
975 + 25 = 1000 
976 + 24 = 1000 
977 + 23 = 1000 
978 + 22 = 1000 
979 + 21 = 1000 
980 + 20 = 1000 
981 + 19 = 1000 
982 + 18 = 1000 
983 + 17 = 1000 
984 + 16 = 1000 
985 + 15 = 1000 
986 + 14 = 1000 
987 + 13 = 1000 
988 + 12 = 1000 
989 + 11 = 1000 
990 + 10 = 1000 
991 + 9 = 1000 
992 + 8 = 1000 
993 + 7 = 1000 
994 + 6 = 1000 
995 + 5 = 1000 
996 + 4 = 1000 
997 + 3 = 1000 
998 + 2 = 1000 
999 + 1 = 1000 
1000 + 0 = 1000 

real	1m21.056s
user	0m6.698s
sys	0m1.394s
Ended batch processing at Wed Feb  5 16:29:22 MST 2020.
