2019-10-10T09:42:26 MDT  hyalite:/home/alexander.salois    563  exit
2019-10-10T09:42:28 MDT  hyalite:/home/alexander.salois    564  ls
2019-10-10T09:42:42 MDT  hyalite:/mnt/lustrefs/scratch/alexander.salois    565  cd /mnt/lustrefs/scratch/alexander.salois/
2019-10-10T09:42:42 MDT  hyalite:/mnt/lustrefs/scratch/alexander.salois    566  ls
2019-10-10T09:42:44 MDT  hyalite:/mnt/lustrefs/scratch/alexander.salois/CSCI447    567  cd CSCI447/
2019-10-10T09:42:45 MDT  hyalite:/mnt/lustrefs/scratch/alexander.salois/CSCI447    568  ls
2019-10-10T09:42:49 MDT  hyalite:/mnt/lustrefs/scratch/alexander.salois/CSCI447/project_2    569  cd project_2/
2019-10-10T09:42:50 MDT  hyalite:/mnt/lustrefs/scratch/alexander.salois/CSCI447/project_2    570  ls
2019-10-10T09:42:56 MDT  hyalite:/mnt/lustrefs/scratch/alexander.salois/CSCI447/project_2/python    571  cd python/
2019-10-10T09:42:57 MDT  hyalite:/mnt/lustrefs/scratch/alexander.salois/CSCI447/project_2/python    572  ls
2019-10-10T09:42:59 MDT  hyalite:/mnt/lustrefs/scratch/alexander.salois/CSCI447/project_2/python/actual code    573  cd actual\ code/
2019-10-10T09:43:00 MDT  hyalite:/mnt/lustrefs/scratch/alexander.salois/CSCI447/project_2/python/actual code    574  ls
2019-10-10T09:43:16 MDT  hyalite:/mnt/lustrefs/scratch/alexander.salois/CSCI447/project_2/python/actual code    575  mv job_out/ ../../../../
2019-10-10T09:43:18 MDT  hyalite:/mnt/lustrefs/scratch/alexander.salois/CSCI447/project_2/python/actual code    576  ls
2019-10-10T09:43:39 MDT  hyalite:/mnt/lustrefs/scratch/alexander.salois/CSCI447/project_2/python/actual code    577  git pull
2019-10-10T09:43:45 MDT  hyalite:/mnt/lustrefs/scratch/alexander.salois/CSCI447/project_2/python    578  cd ..
2019-10-10T09:43:46 MDT  hyalite:/mnt/lustrefs/scratch/alexander.salois/CSCI447/project_2/python    579  ls
2019-10-10T09:43:48 MDT  hyalite:/mnt/lustrefs/scratch/alexander.salois/CSCI447/project_2    580  cd ..
2019-10-10T09:43:50 MDT  hyalite:/mnt/lustrefs/scratch/alexander.salois/CSCI447    580  cd ..
2019-10-10T09:43:51 MDT  hyalite:/mnt/lustrefs/scratch/alexander.salois/CSCI447    581  ls
2019-10-10T09:43:53 MDT  hyalite:/mnt/lustrefs/scratch/alexander.salois    582  cd ..
2019-10-10T09:43:54 MDT  hyalite:/mnt/lustrefs/scratch/alexander.salois    583  ls
2019-10-10T09:44:00 MDT  hyalite:/mnt/lustrefs/scratch/alexander.salois/job_out    584  cd job_out/
2019-10-10T09:44:00 MDT  hyalite:/mnt/lustrefs/scratch/alexander.salois/job_out    585  ls
2019-10-10T09:44:07 MDT  hyalite:/mnt/lustrefs/scratch/alexander.salois/job_out    586  rm nb*
2019-10-10T09:44:08 MDT  hyalite:/mnt/lustrefs/scratch/alexander.salois/job_out    587  ls
2019-10-10T11:12:16 MDT  hyalite:/home/alexander.salois    588  vim run_KNN.slurm 
2019-10-10T11:12:18 MDT  hyalite:/home/alexander.salois    589  ls
2019-10-10T11:12:30 MDT  hyalite:/mnt/lustrefs/scratch    590  cd /mnt/lustrefs/scratch/
2019-10-10T11:12:37 MDT  hyalite:/mnt/lustrefs/scratch/alexander.salois    591  cd alexander.salois/
2019-10-10T11:12:38 MDT  hyalite:/mnt/lustrefs/scratch/alexander.salois    592  ls
2019-10-10T11:12:49 MDT  hyalite:/mnt/lustrefs/scratch/alexander.salois/job_out    593  cd job_out/
2019-10-10T11:12:50 MDT  hyalite:/mnt/lustrefs/scratch/alexander.salois/job_out    594  ls
2019-10-10T11:12:54 MDT  hyalite:/mnt/lustrefs/scratch/alexander.salois    595  cd ..
2019-10-10T11:13:02 MDT  hyalite:/mnt/lustrefs/scratch/alexander.salois/CSCI447/project_2/python/actual code    596  cd CSCI447/project_2/python/actual\ code/
2019-10-10T11:13:16 MDT  hyalite:/mnt/lustrefs/scratch/alexander.salois/CSCI447/project_2/python/actual code    597  git pull
2019-10-10T11:13:20 MDT  hyalite:/mnt/lustrefs/scratch/alexander.salois/CSCI447/project_2/python/actual code    597  git pull
2019-10-10T11:13:45 MDT  hyalite:/mnt/lustrefs/scratch/alexander.salois/CSCI447/project_2/python/actual code    598  mv ../../../../job_out/ .
2019-10-10T11:13:46 MDT  hyalite:/mnt/lustrefs/scratch/alexander.salois/CSCI447/project_2/python/actual code    599  ls
2019-10-10T11:14:04 MDT  hyalite:/mnt/lustrefs/scratch/alexander.salois/CSCI447/project_2/python/actual code    600  git add *
2019-10-10T11:14:16 MDT  hyalite:/mnt/lustrefs/scratch/alexander.salois/CSCI447/project_2/python/actual code    601  git add job_out/
2019-10-10T11:14:33 MDT  hyalite:/mnt/lustrefs/scratch/alexander.salois/CSCI447/project_2/python/actual code    602  git commit -m "added hyalite script"
2019-10-10T11:14:39 MDT  hyalite:/mnt/lustrefs/scratch/alexander.salois/CSCI447/project_2/python/actual code    603  git push
2019-10-10T11:15:08 MDT  hyalite:/mnt/lustrefs/scratch/alexander.salois/CSCI447/project_2/python    604  cd ..
2019-10-10T11:15:09 MDT  hyalite:/mnt/lustrefs/scratch/alexander.salois/CSCI447/project_2    604  cd ..
2019-10-10T11:15:12 MDT  hyalite:/mnt/lustrefs/scratch/alexander.salois/CSCI447    604  cd ..
2019-10-10T11:15:17 MDT  hyalite:/mnt/lustrefs/scratch/alexander.salois/CSCI447    605  .git
2019-10-10T11:15:21 MDT  hyalite:/mnt/lustrefs/scratch/alexander.salois/CSCI447    606  cd .gt
2019-10-10T11:15:24 MDT  hyalite:/mnt/lustrefs/scratch/alexander.salois/CSCI447/.git    607  cd .git
2019-10-10T11:15:26 MDT  hyalite:/mnt/lustrefs/scratch/alexander.salois/CSCI447/.git    608  ls
2019-10-10T11:18:28 MDT  hyalite:/mnt/lustrefs/scratch/alexander.salois/CSCI447/.git    609  vim config 
2019-10-10T11:18:32 MDT  hyalite:/mnt/lustrefs/scratch/alexander.salois/CSCI447    610  cd ..
2019-10-10T11:18:35 MDT  hyalite:/mnt/lustrefs/scratch/alexander.salois/CSCI447    611  git push
2019-10-10T11:18:57 MDT  hyalite:/home/alexander.salois    612  exit
2019-10-10T11:19:19 MDT  hyalite:/mnt/lustrefs/scratch/alexander.salois    613  cd /mnt/lustrefs/scratch/alexander.salois/
2019-10-10T11:19:20 MDT  hyalite:/mnt/lustrefs/scratch/alexander.salois    614  ls
2019-10-10T11:19:23 MDT  hyalite:/mnt/lustrefs/scratch/alexander.salois/CSCI447    615  cd CSCI447/
2019-10-10T11:19:24 MDT  hyalite:/mnt/lustrefs/scratch/alexander.salois/CSCI447    616  ls
2019-10-10T11:19:27 MDT  hyalite:/mnt/lustrefs/scratch/alexander.salois/CSCI447    617  git push
2019-10-10T11:19:40 MDT  hyalite:/home/alexander.salois    618  exit
2019-10-10T11:19:42 MDT  hyalite:/home/alexander.salois    619  ls
2019-10-10T11:20:38 MDT  hyalite:/mnt/lustrefs/scratch/alexander.salois    620  cd /mnt/lustrefs/scratch/alexander.salois/
2019-10-10T11:20:41 MDT  hyalite:/mnt/lustrefs/scratch/alexander.salois/CSCI447    621  cd CSCI447/
2019-10-10T11:21:18 MDT  hyalite:/mnt/lustrefs/scratch/alexander.salois/CSCI447    622  git push
2019-10-10T11:21:43 MDT  hyalite:/mnt/lustrefs/scratch/alexander.salois/CSCI447    622  git push
2019-10-10T11:21:56 MDT  hyalite:/mnt/lustrefs/scratch/alexander.salois/CSCI447    623  git pull
2019-10-10T11:21:58 MDT  hyalite:/mnt/lustrefs/scratch/alexander.salois/CSCI447    624  ls
2019-10-10T11:22:01 MDT  hyalite:/mnt/lustrefs/scratch/alexander.salois/CSCI447/project_2    625  cd project_2/
2019-10-10T11:22:02 MDT  hyalite:/mnt/lustrefs/scratch/alexander.salois/CSCI447/project_2    626  ls
2019-10-10T11:22:05 MDT  hyalite:/mnt/lustrefs/scratch/alexander.salois/CSCI447/project_2/python    627  cd python/
2019-10-10T11:22:07 MDT  hyalite:/mnt/lustrefs/scratch/alexander.salois/CSCI447/project_2/python    628  ls
2019-10-10T11:22:10 MDT  hyalite:/mnt/lustrefs/scratch/alexander.salois/CSCI447/project_2/python/actual code    629  cd actual\ code/
2019-10-10T11:22:11 MDT  hyalite:/mnt/lustrefs/scratch/alexander.salois/CSCI447/project_2/python/actual code    630  ls
2019-10-10T11:22:16 MDT  hyalite:/mnt/lustrefs/scratch/alexander.salois/CSCI447/project_2/python/actual code/job_out    631  cd job_out/
2019-10-10T11:22:19 MDT  hyalite:/mnt/lustrefs/scratch/alexander.salois/CSCI447/project_2/python/actual code/job_out    632  ls
2019-10-10T11:22:50 MDT  hyalite:/mnt/lustrefs/scratch/alexander.salois/CSCI447/project_2/python/actual code/job_out    633  vim run_KNN.slurm 
2019-10-10T11:22:55 MDT  hyalite:/mnt/lustrefs/scratch/alexander.salois/CSCI447/project_2/python/actual code/job_out    634  cat run_KNN.slurm 
2019-10-10T11:25:56 MDT  hyalite:/mnt/lustrefs/scratch/alexander.salois/CSCI447/project_2/python/actual code/job_out    635  vim run_KNN.slurm 
2019-10-10T11:26:02 MDT  hyalite:/mnt/lustrefs/scratch/alexander.salois/CSCI447/project_2/python/actual code/job_out    636  sque
2019-10-10T11:26:06 MDT  hyalite:/mnt/lustrefs/scratch/alexander.salois/CSCI447/project_2/python/actual code/job_out    637  squeue 
2019-10-10T11:26:23 MDT  hyalite:/mnt/lustrefs/scratch/alexander.salois/CSCI447/project_2/python/actual code/job_out    638  sbatch run_KNN.slurm 
2019-10-10T11:26:31 MDT  hyalite:/mnt/lustrefs/scratch/alexander.salois/CSCI447/project_2/python/actual code/job_out    639  squeue 
2019-10-10T11:26:53 MDT  hyalite:/mnt/lustrefs/scratch/alexander.salois/CSCI447/project_2/python/actual code/job_out    640  ls
2019-10-10T11:27:01 MDT  hyalite:/mnt/lustrefs/scratch/alexander.salois/CSCI447/project_2/python/actual code/job_out    641  catr nb-1151169.out.txt 
2019-10-10T11:27:08 MDT  hyalite:/mnt/lustrefs/scratch/alexander.salois/CSCI447/project_2/python/actual code/job_out    642  cat nb-1151169.out.txt 
2019-10-10T11:27:21 MDT  hyalite:/mnt/lustrefs/scratch/alexander.salois/CSCI447/project_2/python/actual code/job_out    643  cat nb-1151169.err.txt 
2019-10-10T11:42:11 MDT  hyalite:/mnt/lustrefs/scratch/alexander.salois/CSCI447/project_2/python/actual code/job_out    644  vim run_KNN.slurm 
2019-10-10T11:42:17 MDT  hyalite:/mnt/lustrefs/scratch/alexander.salois/CSCI447/project_2/python    645  cd ../../
2019-10-10T11:42:17 MDT  hyalite:/mnt/lustrefs/scratch/alexander.salois/CSCI447/project_2/python    646  ls
2019-10-10T11:42:22 MDT  hyalite:/mnt/lustrefs/scratch/alexander.salois/CSCI447    647  cd ../../
2019-10-10T11:42:23 MDT  hyalite:/mnt/lustrefs/scratch/alexander.salois/CSCI447    648  ls
2019-10-10T11:42:28 MDT  hyalite:/mnt/lustrefs/scratch/alexander.salois/CSCI447/.git    649  cd .git
2019-10-10T11:42:29 MDT  hyalite:/mnt/lustrefs/scratch/alexander.salois/CSCI447/.git    650  ls
2019-10-10T11:43:05 MDT  hyalite:/mnt/lustrefs/scratch/alexander.salois/CSCI447/.git    651  vim config 
2019-10-10T11:43:09 MDT  hyalite:/mnt/lustrefs/scratch/alexander.salois/CSCI447    652  cd ..
2019-10-10T11:43:18 MDT  hyalite:/mnt/lustrefs/scratch/alexander.salois/CSCI447    653  git remote -v
2019-10-10T11:44:34 MDT  hyalite:/mnt/lustrefs/scratch/alexander.salois/CSCI447    654  git remote set-url git@github.com:Super-Original-Username/CSCI447.git
2019-10-10T11:45:14 MDT  hyalite:/mnt/lustrefs/scratch/alexander.salois/CSCI447    655  git remote set-url origin git@github.com:Super-Original-Username/CSCI447.git
2019-10-10T11:45:17 MDT  hyalite:/mnt/lustrefs/scratch/alexander.salois/CSCI447    656  git remote -v
2019-10-10T11:45:25 MDT  hyalite:/mnt/lustrefs/scratch/alexander.salois/CSCI447    657  git pu;;
2019-10-10T11:45:32 MDT  hyalite:/mnt/lustrefs/scratch/alexander.salois/CSCI447    658  git pull
2019-10-10T11:45:48 MDT  hyalite:/mnt/lustrefs/scratch/alexander.salois/CSCI447    658  git pull
2019-10-10T11:47:17 MDT  hyalite:/mnt/lustrefs/scratch/alexander.salois/CSCI447/.git    659  cd .git
2019-10-10T11:47:18 MDT  hyalite:/mnt/lustrefs/scratch/alexander.salois/CSCI447/.git    660  ls
2019-10-10T11:48:25 MDT  hyalite:/mnt/lustrefs/scratch/alexander.salois/CSCI447/.git    661  vim config 
2019-10-10T11:48:34 MDT  hyalite:/mnt/lustrefs/scratch/alexander.salois/CSCI447/.git    662  cat config 
2019-10-10T11:48:41 MDT  hyalite:/mnt/lustrefs/scratch/alexander.salois/CSCI447/.git    663  git pull
2019-10-10T11:48:49 MDT  hyalite:/mnt/lustrefs/scratch/alexander.salois/CSCI447    664  cd ..
2019-10-10T11:48:55 MDT  hyalite:/mnt/lustrefs/scratch/alexander.salois/CSCI447    665  git pull
2019-10-10T11:49:10 MDT  hyalite:/mnt/lustrefs/scratch/alexander.salois/CSCI447    665  git pull
2019-10-10T11:49:25 MDT  hyalite:/mnt/lustrefs/scratch/alexander.salois/CSCI447/.git    666  cd .git
2019-10-10T11:49:36 MDT  hyalite:/mnt/lustrefs/scratch/alexander.salois/CSCI447/.git    667  vim config 
2019-10-10T11:49:42 MDT  hyalite:/mnt/lustrefs/scratch/alexander.salois/CSCI447    668  cd ..
2019-10-10T11:50:01 MDT  hyalite:/mnt/lustrefs/scratch/alexander.salois/CSCI447    669  git pull
2019-10-10T11:50:40 MDT  hyalite:/mnt/lustrefs/scratch/alexander.salois/CSCI447    670  git remote -v
2019-10-10T11:51:14 MDT  hyalite:/mnt/lustrefs/scratch/alexander.salois/CSCI447    671  git remote set-url origin https://asalois@github.com/Super-Original-Username/CSCI447.git
2019-10-10T11:51:27 MDT  hyalite:/mnt/lustrefs/scratch/alexander.salois/CSCI447    672  git pull
2019-10-10T11:51:49 MDT  hyalite:/mnt/lustrefs/scratch/alexander.salois/CSCI447    672  git pull
2019-10-10T11:51:51 MDT  hyalite:/mnt/lustrefs/scratch/alexander.salois/CSCI447    673  ls
2019-10-10T11:52:03 MDT  hyalite:/mnt/lustrefs/scratch/alexander.salois/CSCI447    674  exir
2019-10-10T11:59:17 MDT  hyalite:/home/alexander.salois    675  exit
2019-10-10T12:00:01 MDT  hyalite:/mnt/lustrefs/scratch/alexander.salois    676  cd /mnt/lustrefs/scratch/alexander.salois/
2019-10-10T12:00:02 MDT  hyalite:/mnt/lustrefs/scratch/alexander.salois    677  ls
2019-10-10T12:00:05 MDT  hyalite:/mnt/lustrefs/scratch/alexander.salois/CSCI447    678  cd CSCI447/
2019-10-10T12:00:06 MDT  hyalite:/mnt/lustrefs/scratch/alexander.salois/CSCI447    679  ls
2019-10-10T12:00:24 MDT  hyalite:/mnt/lustrefs/scratch/alexander.salois/CSCI447    680  git pull
2019-10-10T12:00:38 MDT  hyalite:/mnt/lustrefs/scratch/alexander.salois/CSCI447/project_2    681  cd project_2/
2019-10-10T12:00:38 MDT  hyalite:/mnt/lustrefs/scratch/alexander.salois/CSCI447/project_2    682  ls
2019-10-10T12:00:42 MDT  hyalite:/mnt/lustrefs/scratch/alexander.salois/CSCI447/project_2/python    683  cd python/
2019-10-10T12:00:43 MDT  hyalite:/mnt/lustrefs/scratch/alexander.salois/CSCI447/project_2/python    684  ls
2019-10-10T12:00:47 MDT  hyalite:/mnt/lustrefs/scratch/alexander.salois/CSCI447/project_2/python/actual code    685  cd actual\ code/
2019-10-10T12:00:47 MDT  hyalite:/mnt/lustrefs/scratch/alexander.salois/CSCI447/project_2/python/actual code    686  ls
2019-10-10T12:00:50 MDT  hyalite:/mnt/lustrefs/scratch/alexander.salois/CSCI447/project_2/python/actual code/job_out    687  cd job_out/
2019-10-10T12:01:38 MDT  hyalite:/mnt/lustrefs/scratch/alexander.salois/CSCI447/project_2/python/actual code/job_out    688  vim run_KNN.slurm 
2019-10-10T12:01:44 MDT  hyalite:/mnt/lustrefs/scratch/alexander.salois/CSCI447/project_2/python/actual code/job_out    689  sbatch run_KNN.slurm 
2019-10-10T12:01:50 MDT  hyalite:/mnt/lustrefs/scratch/alexander.salois/CSCI447/project_2/python/actual code/job_out    690  squeue 
2019-10-10T12:02:01 MDT  hyalite:/mnt/lustrefs/scratch/alexander.salois/CSCI447/project_2/python/actual code/job_out    690  squeue 
2019-10-10T12:02:12 MDT  hyalite:/mnt/lustrefs/scratch/alexander.salois/CSCI447/project_2/python/actual code/job_out    690  squeue 
2019-10-10T12:02:23 MDT  hyalite:/mnt/lustrefs/scratch/alexander.salois/CSCI447/project_2/python/actual code/job_out    690  squeue 
2019-10-10T12:08:47 MDT  hyalite:/home/alexander.salois    691  exit
2019-10-10T12:08:50 MDT  hyalite:/home/alexander.salois    692  squeue 
2019-10-10T12:09:22 MDT  hyalite:/home/alexander.salois    692  squeue 
2019-10-10T12:09:50 MDT  hyalite:/home/alexander.salois    693  htop
2019-10-10T12:10:51 MDT  hyalite:/home/alexander.salois    694  squeue -J 1151174 
2019-10-10T12:10:54 MDT  hyalite:/home/alexander.salois    694  squeue -J 1151174 
2019-10-10T12:13:59 MDT  hyalite:/home/alexander.salois    695  squeue -j 1151174 
2019-10-10T12:14:01 MDT  hyalite:/home/alexander.salois    695  squeue -j 1151174 
2019-10-10T12:14:21 MDT  hyalite:/home/alexander.salois    696  htop
2019-10-10T12:15:30 MDT  hyalite:/home/alexander.salois    697  squeue -j 1151174 
2019-10-10T12:15:43 MDT  hyalite:/home/alexander.salois    697  squeue -j 1151174 
2019-10-10T15:09:15 MDT  hyalite:/home/alexander.salois    698  exit
2019-10-10T15:09:18 MDT  hyalite:/home/alexander.salois    699  squeue 
2019-10-10T15:09:53 MDT  hyalite:/home/alexander.salois    700  squeue -j 1151174
2019-10-10T15:10:53 MDT  hyalite:/home/alexander.salois    700  squeue -j 1151174
2019-10-10T15:11:16 MDT  hyalite:/home/alexander.salois    701  htop
2019-10-10T15:11:18 MDT  hyalite:/home/alexander.salois    702  squeue -j 1151174
2019-10-10T15:15:08 MDT  hyalite:/home/alexander.salois    703  exit
2019-10-10T15:15:21 MDT  hyalite:/mnt/lustrefs/scratch/alexander.salois    704  cd /mnt/lustrefs/scratch/alexander.salois/
2019-10-10T15:15:22 MDT  hyalite:/mnt/lustrefs/scratch/alexander.salois    705  ls
2019-10-10T15:15:24 MDT  hyalite:/mnt/lustrefs/scratch/alexander.salois/CSCI447    706  cd CSCI447/
2019-10-10T15:15:33 MDT  hyalite:/mnt/lustrefs/scratch/alexander.salois/CSCI447    707  git pull
2019-10-10T15:15:57 MDT  hyalite:/mnt/lustrefs/scratch/alexander.salois/CSCI447    708  ls
2019-10-10T15:16:01 MDT  hyalite:/mnt/lustrefs/scratch/alexander.salois/CSCI447/project_2    709  cd project_2/
2019-10-10T15:16:01 MDT  hyalite:/mnt/lustrefs/scratch/alexander.salois/CSCI447/project_2    710  ls
2019-10-10T15:16:06 MDT  hyalite:/mnt/lustrefs/scratch/alexander.salois/CSCI447/project_2/python/actual code    711  cd python/actual\ code/
2019-10-10T15:16:07 MDT  hyalite:/mnt/lustrefs/scratch/alexander.salois/CSCI447/project_2/python/actual code    712  ;s
2019-10-10T15:16:09 MDT  hyalite:/mnt/lustrefs/scratch/alexander.salois/CSCI447/project_2/python/actual code    713  ls
2019-10-10T15:16:14 MDT  hyalite:/mnt/lustrefs/scratch/alexander.salois/CSCI447/project_2/python/actual code    714  cd py
2019-10-10T15:16:19 MDT  hyalite:/mnt/lustrefs/scratch/alexander.salois/CSCI447/project_2/python/actual code/job_out    715  cd job_out/
2019-10-10T15:16:20 MDT  hyalite:/mnt/lustrefs/scratch/alexander.salois/CSCI447/project_2/python/actual code/job_out    716  ls
2019-10-10T15:17:25 MDT  hyalite:/mnt/lustrefs/scratch/alexander.salois/CSCI447/project_2/python/actual code/job_out    717  squeue -j 11511749
2019-10-10T15:17:33 MDT  hyalite:/mnt/lustrefs/scratch/alexander.salois/CSCI447/project_2/python/actual code/job_out    718  squeue 
2019-10-10T15:18:04 MDT  hyalite:/mnt/lustrefs/scratch/alexander.salois/CSCI447/project_2/python/actual code/job_out    718  squeue 
2019-10-10T15:18:13 MDT  hyalite:/mnt/lustrefs/scratch/alexander.salois/CSCI447/project_2/python/actual code/job_out    719  ls
2019-10-10T15:18:25 MDT  hyalite:/mnt/lustrefs/scratch/alexander.salois/CSCI447/project_2/python/actual code/job_out    720  cat nb-1151174.err.txt 
2019-10-10T15:18:37 MDT  hyalite:/mnt/lustrefs/scratch/alexander.salois/CSCI447/project_2/python/actual code/job_out    721  cat nb-1151174.out.txt 
2019-10-10T15:20:24 MDT  hyalite:/home/alexander.salois    721  cat nb-1151174.out.txt 
2019-10-10T15:20:38 MDT  hyalite:/mnt/lustrefs/scratch/alexander.salois    722  cd /mnt/lustrefs/scratch/alexander.salois/
2019-10-10T15:20:39 MDT  hyalite:/mnt/lustrefs/scratch/alexander.salois    723  ls
2019-10-10T15:20:41 MDT  hyalite:/mnt/lustrefs/scratch/alexander.salois/CSCI447    724  cd CSCI447/
2019-10-10T15:20:44 MDT  hyalite:/mnt/lustrefs/scratch/alexander.salois/CSCI447    725  gitpull
2019-10-10T15:20:47 MDT  hyalite:/mnt/lustrefs/scratch/alexander.salois/CSCI447    726  gi tpull
2019-10-10T15:20:52 MDT  hyalite:/mnt/lustrefs/scratch/alexander.salois/CSCI447    727  gitcpull
2019-10-10T15:20:55 MDT  hyalite:/mnt/lustrefs/scratch/alexander.salois/CSCI447    728  git pull
2019-10-10T15:21:01 MDT  hyalite:/mnt/lustrefs/scratch/alexander.salois/CSCI447    728  git pull
2019-10-10T15:21:02 MDT  hyalite:/mnt/lustrefs/scratch/alexander.salois/CSCI447    728  git pull
2019-10-10T15:21:15 MDT  hyalite:/home/alexander.salois    729  exit
2019-10-10T15:21:33 MDT  hyalite:/mnt/lustrefs/scratch/alexander.salois/CSCI447    730  cd /mnt/lustrefs/scratch/alexander.salois/CSCI447/
2019-10-10T15:21:41 MDT  hyalite:/mnt/lustrefs/scratch/alexander.salois/CSCI447    731  git pull
2019-10-10T15:21:44 MDT  hyalite:/mnt/lustrefs/scratch/alexander.salois/CSCI447    732  ls
2019-10-10T15:21:49 MDT  hyalite:/mnt/lustrefs/scratch/alexander.salois/CSCI447/project_2    733  cd project_2/
2019-10-10T15:21:50 MDT  hyalite:/mnt/lustrefs/scratch/alexander.salois/CSCI447/project_2    734  ls
2019-10-10T15:21:56 MDT  hyalite:/mnt/lustrefs/scratch/alexander.salois/CSCI447/project_2/python    735  cd python/
2019-10-10T15:21:58 MDT  hyalite:/mnt/lustrefs/scratch/alexander.salois/CSCI447/project_2/python    736  ls
2019-10-10T15:22:09 MDT  hyalite:/mnt/lustrefs/scratch/alexander.salois/CSCI447/project_2/python/actual code    737  cd actual\ code/
2019-10-10T15:22:10 MDT  hyalite:/mnt/lustrefs/scratch/alexander.salois/CSCI447/project_2/python/actual code    738  ls
2019-10-10T15:22:17 MDT  hyalite:/mnt/lustrefs/scratch/alexander.salois/CSCI447/project_2/python/actual code/job_out    739  cd job_out/
2019-10-10T15:22:18 MDT  hyalite:/mnt/lustrefs/scratch/alexander.salois/CSCI447/project_2/python/actual code/job_out    740  la
2019-10-10T15:22:20 MDT  hyalite:/mnt/lustrefs/scratch/alexander.salois/CSCI447/project_2/python/actual code/job_out    741  ls
2019-10-10T15:22:41 MDT  hyalite:/mnt/lustrefs/scratch/alexander.salois/CSCI447/project_2/python/actual code/job_out    742  sbatch run_KNN.slurm 
2019-10-10T15:22:55 MDT  hyalite:/mnt/lustrefs/scratch/alexander.salois/CSCI447/project_2/python/actual code/job_out    743  squeue -j 11512131
2019-10-10T15:23:12 MDT  hyalite:/mnt/lustrefs/scratch/alexander.salois/CSCI447/project_2/python/actual code/job_out    744  squeue -j 1151231
2019-10-10T15:23:14 MDT  hyalite:/mnt/lustrefs/scratch/alexander.salois/CSCI447/project_2/python/actual code/job_out    744  squeue -j 1151231
