2019-10-08T16:50:47 MDT  hyalite:/home/alexander.salois    170  vim make_kernel.slurm
2019-10-08T16:50:49 MDT  hyalite:/home/alexander.salois    171  ls
2019-10-08T16:51:01 MDT  hyalite:/mnt    172  cd /mnt/
2019-10-08T16:51:01 MDT  hyalite:/mnt    173  ls
2019-10-08T16:51:06 MDT  hyalite:/mnt/lustrefs    174  cd lustrefs/
2019-10-08T16:51:07 MDT  hyalite:/mnt/lustrefs    175  ls
2019-10-08T16:51:11 MDT  hyalite:/mnt/lustrefs/scratch    176  cd scratch/
2019-10-08T16:51:12 MDT  hyalite:/mnt/lustrefs/scratch    177  ls
2019-10-08T16:51:26 MDT  hyalite:/mnt/lustrefs/scratch/alexander.salois    178  cd alexander.salois/
2019-10-08T16:51:27 MDT  hyalite:/mnt/lustrefs/scratch/alexander.salois    179  ls
2019-10-08T16:51:37 MDT  hyalite:/mnt/lustrefs/scratch/alexander.salois    179  ls
2019-10-08T16:51:41 MDT  hyalite:/mnt/lustrefs/scratch/alexander.salois/kernel    180  cd kernel/
2019-10-08T16:51:42 MDT  hyalite:/mnt/lustrefs/scratch/alexander.salois/kernel    181  ls
2019-10-08T16:51:49 MDT  hyalite:/mnt/lustrefs/scratch/alexander.salois/kernel    182  cd lin
2019-10-08T16:52:22 MDT  hyalite:/mnt/lustrefs/scratch/alexander.salois/kernel/linux-5.3.5    183  cd linux-5.3.5
2019-10-08T16:52:23 MDT  hyalite:/mnt/lustrefs/scratch/alexander.salois/kernel/linux-5.3.5    184  ls
2019-10-08T16:53:13 MDT  hyalite:/home/alexander.salois    185  cd 
2019-10-08T16:53:14 MDT  hyalite:/home/alexander.salois    186  ls
2019-10-08T16:53:16 MDT  hyalite:/home/alexander.salois/slurm-examples    187  cd slurm-examples/
2019-10-08T16:53:18 MDT  hyalite:/home/alexander.salois/slurm-examples    188  ls
2019-10-08T16:53:26 MDT  hyalite:/home/alexander.salois/slurm-examples/slurm    189  cd slurm/
2019-10-08T16:53:26 MDT  hyalite:/home/alexander.salois/slurm-examples/slurm    190  ls
2019-10-08T16:53:35 MDT  hyalite:/home/alexander.salois/slurm-examples/slurm/slurm    191  cd slurm/
2019-10-08T16:53:36 MDT  hyalite:/home/alexander.salois/slurm-examples/slurm/slurm    192  ls
2019-10-08T16:53:46 MDT  hyalite:/home/alexander.salois/slurm-examples/slurm/slurm    192  ls
2019-10-08T16:54:33 MDT  hyalite:/home/alexander.salois/slurm-examples/slurm/slurm/jobscripts    193  cd jobscripts/
2019-10-08T16:54:34 MDT  hyalite:/home/alexander.salois/slurm-examples/slurm/slurm/jobscripts    194  ls
2019-10-08T16:54:37 MDT  hyalite:/home/alexander.salois/slurm-examples/slurm/slurm    195  cd ..
2019-10-08T16:54:39 MDT  hyalite:/home/alexander.salois/slurm-examples/slurm/slurm    196  ls
2019-10-08T16:54:58 MDT  hyalite:/home/alexander.salois/slurm-examples/slurm/slurm    197  cat hello.slurm.sh 
2019-10-08T16:55:21 MDT  hyalite:/home/alexander.salois/slurm-examples/slurm/slurm    198  cat parallel.srun.slurm.sh 
2019-10-08T16:56:35 MDT  hyalite:/home/alexander.salois/slurm-examples/slurm/slurm    199  cat parallel.background.slurm.sh 
2019-10-08T16:57:29 MDT  hyalite:/home/alexander.salois/slurm-examples/slurm/slurm    200  ls
2019-10-08T16:58:08 MDT  hyalite:/home/alexander.salois/slurm-examples/slurm/slurm    201  vim README 
2019-10-08T16:58:15 MDT  hyalite:/mnt    202  cd /mnt/
2019-10-08T16:58:17 MDT  hyalite:/mnt    203  ls
2019-10-08T16:58:20 MDT  hyalite:/mnt/lustrefs    204  cd lustrefs/
2019-10-08T16:58:22 MDT  hyalite:/mnt/lustrefs    205  ls
2019-10-08T16:58:33 MDT  hyalite:/mnt/lustrefs/scratch    206  cd scratch/
2019-10-08T16:58:34 MDT  hyalite:/mnt/lustrefs/scratch    207  ls
2019-10-08T16:58:40 MDT  hyalite:/mnt/lustrefs/scratch/alexander.salois    208  cd alexander.salois/
2019-10-08T16:58:41 MDT  hyalite:/mnt/lustrefs/scratch/alexander.salois    209  ls
2019-10-08T16:58:44 MDT  hyalite:/mnt/lustrefs/scratch/alexander.salois/kernel    210  cd kernel/
2019-10-08T16:58:45 MDT  hyalite:/mnt/lustrefs/scratch/alexander.salois/kernel    211  ls
2019-10-08T17:00:00 MDT  hyalite:/mnt/lustrefs/scratch/alexander.salois/kernel/linux-5.3.5    212  cd linux-5.3.5
2019-10-08T17:00:01 MDT  hyalite:/mnt/lustrefs/scratch/alexander.salois/kernel/linux-5.3.5    213  ls
2019-10-08T17:00:32 MDT  hyalite:/mnt/lustrefs/scratch/alexander.salois/kernel/linux-5.3.5    214  module avail 
2019-10-08T17:04:26 MDT  hyalite:/mnt/lustrefs/scratch/alexander.salois/kernel/linux-5.3.5    215  ls
2019-10-08T17:06:03 MDT  hyalite:/mnt/lustrefs/scratch/alexander.salois/kernel/linux-5.3.5    216  vim make_kernel.slurm 
2019-10-08T17:08:43 MDT  hyalite:/mnt/lustrefs/scratch/alexander.salois/kernel/linux-5.3.5    217  fg 1
2019-10-08T17:09:52 MDT  hyalite:/mnt/lustrefs/scratch/alexander.salois/kernel/linux-5.3.5    218  vim make_kernel.slurm 
2019-10-08T17:12:23 MDT  hyalite:/mnt/lustrefs/scratch/alexander.salois/kernel/linux-5.3.5    218  vim make_kernel.slurm 
2019-10-08T17:13:32 MDT  hyalite:/mnt/lustrefs/scratch/alexander.salois/kernel/linux-5.3.5    218  vim make_kernel.slurm 
2019-10-08T17:14:07 MDT  hyalite:/mnt/lustrefs/scratch/alexander.salois/kernel/linux-5.3.5    218  vim make_kernel.slurm 
2019-10-08T17:16:08 MDT  hyalite:/mnt/lustrefs/scratch/alexander.salois/kernel/linux-5.3.5    218  vim make_kernel.slurm 
2019-10-08T17:22:15 MDT  hyalite:/mnt/lustrefs/scratch/alexander.salois/kernel/linux-5.3.5    219  moudule --help
2019-10-08T17:22:31 MDT  hyalite:/mnt/lustrefs/scratch/alexander.salois/kernel/linux-5.3.5    220  module --help
2019-10-08T17:23:41 MDT  hyalite:/mnt/lustrefs/scratch/alexander.salois/kernel/linux-5.3.5    221  module open + list
2019-10-08T17:23:50 MDT  hyalite:/mnt/lustrefs/scratch/alexander.salois/kernel/linux-5.3.5    222  module  list
2019-10-08T17:25:20 MDT  hyalite:/mnt/lustrefs/scratch/alexander.salois/kernel/linux-5.3.5    223  module avail | grep open*
2019-10-08T17:25:25 MDT  hyalite:/mnt/lustrefs/scratch/alexander.salois/kernel/linux-5.3.5    224  module avail | grep openssl*
2019-10-08T17:25:47 MDT  hyalite:/mnt/lustrefs/scratch/alexander.salois/kernel/linux-5.3.5    225  grep
2019-10-08T17:27:39 MDT  hyalite:/mnt/lustrefs/scratch/alexander.salois/kernel/linux-5.3.5    226  module avail | grep open
2019-10-08T17:29:25 MDT  hyalite:/mnt/lustrefs/scratch/alexander.salois/kernel/linux-5.3.5    227  ls
2019-10-08T17:30:20 MDT  hyalite:/mnt/lustrefs/scratch/alexander.salois/kernel/linux-5.3.5    228  vim make_kernel.slurm 
2019-10-08T17:35:11 MDT  hyalite:/mnt/lustrefs/scratch/alexander.salois/kernel/linux-5.3.5    228  vim make_kernel.slurm 
2019-10-08T17:36:12 MDT  hyalite:/mnt/lustrefs/scratch/alexander.salois/kernel    229  cd ..
2019-10-08T17:36:13 MDT  hyalite:/mnt/lustrefs/scratch/alexander.salois/kernel    230  ls
2019-10-08T17:36:22 MDT  hyalite:/mnt/lustrefs/scratch/alexander.salois    231  cd ..
2019-10-08T17:36:22 MDT  hyalite:/mnt/lustrefs/scratch/alexander.salois    232  ls
2019-10-08T17:36:30 MDT  hyalite:/mnt/lustrefs/scratch/alexander.salois    233  cat hello.slurm.sh 
2019-10-08T17:37:03 MDT  hyalite:/mnt/lustrefs/scratch    234  cd ..
2019-10-08T17:37:04 MDT  hyalite:/mnt/lustrefs/scratch    235  ls
2019-10-08T17:37:12 MDT  hyalite:/mnt/lustrefs/scratch/alexander.salois    236  cd alexander.salois/
2019-10-08T17:37:13 MDT  hyalite:/mnt/lustrefs/scratch/alexander.salois    237  ls
2019-10-08T17:37:18 MDT  hyalite:/mnt/lustrefs/scratch/alexander.salois/kernel    238  cd kernel/
2019-10-08T17:37:19 MDT  hyalite:/mnt/lustrefs/scratch/alexander.salois/kernel    239  ls
2019-10-08T17:37:21 MDT  hyalite:/mnt/lustrefs/scratch/alexander.salois/kernel/linux-5.3.5    240  cd linux-5.3.5
2019-10-08T17:37:22 MDT  hyalite:/mnt/lustrefs/scratch/alexander.salois/kernel/linux-5.3.5    241  ls
2019-10-08T17:37:33 MDT  hyalite:/mnt/lustrefs/scratch/alexander.salois/kernel/linux-5.3.5    242  sbatch make_kernel.slurm 
2019-10-08T17:38:13 MDT  hyalite:/mnt/lustrefs/scratch/alexander.salois/kernel/linux-5.3.5    243  vim make_kernel.slurm 
2019-10-08T17:38:38 MDT  hyalite:/mnt/lustrefs/scratch/alexander.salois/kernel/linux-5.3.5    244  sbatch make_kernel.slurm 
2019-10-08T17:38:49 MDT  hyalite:/mnt/lustrefs/scratch/alexander.salois/kernel/linux-5.3.5    245  squeue 
2019-10-08T17:38:56 MDT  hyalite:/mnt/lustrefs/scratch/alexander.salois/kernel/linux-5.3.5    245  squeue 
2019-10-08T17:38:58 MDT  hyalite:/mnt/lustrefs/scratch/alexander.salois/kernel/linux-5.3.5    245  squeue 
2019-10-08T17:39:12 MDT  hyalite:/mnt/lustrefs/scratch/alexander.salois/kernel/linux-5.3.5    245  squeue 
2019-10-08T17:39:23 MDT  hyalite:/mnt/lustrefs/scratch/alexander.salois/kernel/linux-5.3.5    246  ls
2019-10-08T17:39:40 MDT  hyalite:/mnt/lustrefs/scratch/alexander.salois/kernel/linux-5.3.5    247  cat make_kernel-1149592.err.txt 
2019-10-08T17:39:53 MDT  hyalite:/mnt/lustrefs/scratch/alexander.salois/kernel/linux-5.3.5    248  ls
2019-10-08T17:41:13 MDT  hyalite:/home/alexander.salois    249  exit
2019-10-08T17:41:44 MDT  hyalite:/home/alexander.salois    250  module load srun.x11/1 
2019-10-08T17:42:13 MDT  compute009:/home/alexander.salois    249  exit
2019-10-08T17:42:16 MDT  compute009:/home/alexander.salois    249  exit
2019-10-08T17:42:37 MDT  compute009:/mnt/lustrefs/scratch/alexander.salois    250  cd /mnt/lustrefs/scratch/alexander.salois/
2019-10-08T17:42:38 MDT  compute009:/mnt/lustrefs/scratch/alexander.salois    251  ls
2019-10-08T17:42:41 MDT  compute009:/mnt/lustrefs/scratch/alexander.salois/kernel    252  cd kernel/
2019-10-08T17:42:42 MDT  compute009:/mnt/lustrefs/scratch/alexander.salois/kernel    253  ls
2019-10-08T17:42:47 MDT  compute009:/mnt/lustrefs/scratch/alexander.salois/kernel/linux-5.3.5    254  cd linux-5.3.5
2019-10-08T17:42:48 MDT  compute009:/mnt/lustrefs/scratch/alexander.salois/kernel/linux-5.3.5    255  ls
2019-10-08T17:42:58 MDT  compute009:/mnt/lustrefs/scratch/alexander.salois/kernel/linux-5.3.5    256  makemenuconfig
2019-10-08T17:43:03 MDT  compute009:/mnt/lustrefs/scratch/alexander.salois/kernel/linux-5.3.5    257  menuconfig
2019-10-08T17:43:58 MDT  compute009:/mnt/lustrefs/scratch/alexander.salois/kernel/linux-5.3.5    258  make menuconfig
2019-10-08T17:44:05 MDT  hyalite:/home/alexander.salois    251  srun.x11 -I -N 1 -n 1 -t 0-00:05  -p defq
2019-10-08T17:44:09 MDT  hyalite:/home/alexander.salois    252  ls
2019-10-08T17:44:27 MDT  hyalite:/mnt/lustrefs/scratch/alexander.salois/kernel    253  cd /mnt/lustrefs/scratch/alexander.salois/kernel/
2019-10-08T17:44:28 MDT  hyalite:/mnt/lustrefs/scratch/alexander.salois/kernel    254  ls
2019-10-08T17:44:31 MDT  hyalite:/mnt/lustrefs/scratch/alexander.salois/kernel/linux-5.3.5    255  cd linux-5.3.5
2019-10-08T17:44:32 MDT  hyalite:/mnt/lustrefs/scratch/alexander.salois/kernel/linux-5.3.5    256  ls
2019-10-08T17:44:36 MDT  hyalite:/mnt/lustrefs/scratch/alexander.salois/kernel/linux-5.3.5    257  ll
2019-10-08T17:45:05 MDT  hyalite:/mnt/lustrefs/scratch/alexander.salois/kernel/linux-5.3.5    258  sbatch make_kernel.slurm 
2019-10-08T17:45:10 MDT  hyalite:/mnt/lustrefs/scratch/alexander.salois/kernel/linux-5.3.5    259  squeue 
2019-10-08T17:45:16 MDT  hyalite:/mnt/lustrefs/scratch/alexander.salois/kernel/linux-5.3.5    259  squeue 
2019-10-08T17:45:20 MDT  hyalite:/mnt/lustrefs/scratch/alexander.salois/kernel/linux-5.3.5    259  squeue 
2019-10-08T17:45:32 MDT  hyalite:/mnt/lustrefs/scratch/alexander.salois/kernel/linux-5.3.5    260  htop
2019-10-08T17:45:34 MDT  hyalite:/mnt/lustrefs/scratch/alexander.salois/kernel/linux-5.3.5    261  squeue 
2019-10-08T17:45:40 MDT  hyalite:/mnt/lustrefs/scratch/alexander.salois/kernel/linux-5.3.5    262  ls
2019-10-08T17:46:09 MDT  hyalite:/mnt/lustrefs/scratch/alexander.salois/kernel/linux-5.3.5    263  cat make_kernel-1149599.out.txt 
2019-10-08T17:46:21 MDT  hyalite:/mnt/lustrefs/scratch/alexander.salois/kernel/linux-5.3.5    264  cat make_kernel-1149599.err.txt 
2019-10-08T17:47:39 MDT  hyalite:/mnt/lustrefs/scratch/alexander.salois/kernel/linux-5.3.5    265  vim make_kernel.slurm 
2019-10-08T17:48:03 MDT  hyalite:/mnt/lustrefs/scratch/alexander.salois/kernel/linux-5.3.5    266  sbatch make_kernel.slurm 
2019-10-08T17:48:06 MDT  hyalite:/mnt/lustrefs/scratch/alexander.salois/kernel/linux-5.3.5    267  squeue 
2019-10-08T17:48:12 MDT  hyalite:/mnt/lustrefs/scratch/alexander.salois/kernel/linux-5.3.5    267  squeue 
2019-10-08T17:48:23 MDT  hyalite:/mnt/lustrefs/scratch/alexander.salois/kernel/linux-5.3.5    268  ls
2019-10-08T17:48:49 MDT  hyalite:/mnt/lustrefs/scratch/alexander.salois/kernel/linux-5.3.5    269  cat make_kernel-1149600.out.txt 
2019-10-08T17:49:01 MDT  hyalite:/mnt/lustrefs/scratch/alexander.salois/kernel/linux-5.3.5    270  cat make_kernel-1149600.err.txt 
2019-10-08T17:52:59 MDT  hyalite:/mnt/lustrefs/scratch/alexander.salois/kernel/linux-5.3.5    271  vim make_kernel.slurm 
2019-10-08T17:53:59 MDT  hyalite:/mnt/lustrefs/scratch/alexander.salois/kernel/linux-5.3.5    272  module avail 
2019-10-08T17:55:06 MDT  hyalite:/mnt/lustrefs/scratch/alexander.salois/kernel/linux-5.3.5    273  vim make_kernel.slurm 
2019-10-08T17:55:25 MDT  hyalite:/mnt/lustrefs/scratch/alexander.salois/kernel/linux-5.3.5    273  vim make_kernel.slurm 
2019-10-08T17:55:30 MDT  hyalite:/mnt/lustrefs/scratch/alexander.salois/kernel/linux-5.3.5    274  sbatch make_kernel.slurm 
2019-10-08T17:55:33 MDT  hyalite:/mnt/lustrefs/scratch/alexander.salois/kernel/linux-5.3.5    275  sque
2019-10-08T17:55:35 MDT  hyalite:/mnt/lustrefs/scratch/alexander.salois/kernel/linux-5.3.5    276  squeue 
2019-10-08T17:55:40 MDT  hyalite:/mnt/lustrefs/scratch/alexander.salois/kernel/linux-5.3.5    276  squeue 
2019-10-08T17:55:43 MDT  hyalite:/mnt/lustrefs/scratch/alexander.salois/kernel/linux-5.3.5    276  squeue 
2019-10-08T17:55:48 MDT  hyalite:/mnt/lustrefs/scratch/alexander.salois/kernel/linux-5.3.5    277  ls
2019-10-08T17:56:05 MDT  hyalite:/mnt/lustrefs/scratch/alexander.salois/kernel/linux-5.3.5    278  cat make_kernel-1149603.err.txt 
2019-10-08T17:57:10 MDT  hyalite:/mnt/lustrefs/scratch/alexander.salois/kernel/linux-5.3.5    279  cat make_kernel-1149603.out.txt.txt 
2019-10-08T17:57:13 MDT  hyalite:/mnt/lustrefs/scratch/alexander.salois/kernel/linux-5.3.5    280  cat make_kernel-1149603.out.txt
2019-10-08T17:58:54 MDT  hyalite:/mnt/lustrefs/scratch/alexander.salois/kernel    281  cd ..
2019-10-08T17:58:55 MDT  hyalite:/mnt/lustrefs/scratch/alexander.salois/kernel    282  ls
2019-10-08T17:58:58 MDT  hyalite:/mnt/lustrefs/scratch/alexander.salois    283  cd ..
2019-10-08T17:58:59 MDT  hyalite:/mnt/lustrefs/scratch/alexander.salois    284  ls
2019-10-08T17:59:03 MDT  hyalite:/mnt/lustrefs/scratch/alexander.salois    285  git status
2019-10-08T17:59:40 MDT  hyalite:/mnt/lustrefs/scratch/alexander.salois    286  git clone https://github.com/Super-Original-Username/CSCI447.git
2019-10-08T17:59:42 MDT  hyalite:/mnt/lustrefs/scratch/alexander.salois    287  ls
2019-10-08T17:59:51 MDT  hyalite:/mnt/lustrefs/scratch/alexander.salois/CSCI447    288  cd CSCI447/
2019-10-08T17:59:52 MDT  hyalite:/mnt/lustrefs/scratch/alexander.salois/CSCI447    289  ls
2019-10-08T17:59:57 MDT  hyalite:/mnt/lustrefs/scratch/alexander.salois/CSCI447/project_2    290  cd project_2/
2019-10-08T17:59:58 MDT  hyalite:/mnt/lustrefs/scratch/alexander.salois/CSCI447/project_2    291  ls
2019-10-08T18:00:03 MDT  hyalite:/mnt/lustrefs/scratch/alexander.salois/CSCI447/project_2    292  git status
2019-10-08T18:00:10 MDT  hyalite:/mnt/lustrefs/scratch/alexander.salois/CSCI447/project_2/python    293  cd python/
2019-10-08T18:00:12 MDT  hyalite:/mnt/lustrefs/scratch/alexander.salois/CSCI447/project_2/python    294  ls
2019-10-08T18:00:22 MDT  hyalite:/mnt/lustrefs/scratch/alexander.salois/CSCI447/project_2    295  cd ..
2019-10-08T18:00:25 MDT  hyalite:/mnt/lustrefs/scratch/alexander.salois/CSCI447    295  cd ..
2019-10-08T18:00:26 MDT  hyalite:/mnt/lustrefs/scratch/alexander.salois/CSCI447    296  ls
2019-10-08T18:00:34 MDT  hyalite:/mnt/lustrefs/scratch/alexander.salois/CSCI447/Project 1    297  cd Project\ 1/
2019-10-08T18:00:35 MDT  hyalite:/mnt/lustrefs/scratch/alexander.salois/CSCI447/Project 1    298  ls
2019-10-08T18:00:51 MDT  hyalite:/mnt/lustrefs/scratch/alexander.salois/CSCI447/Project 1    299   d python/
2019-10-08T18:00:54 MDT  hyalite:/mnt/lustrefs/scratch/alexander.salois/CSCI447/Project 1/python    300  cd python/
2019-10-08T18:00:54 MDT  hyalite:/mnt/lustrefs/scratch/alexander.salois/CSCI447/Project 1/python    301  ls
2019-10-08T18:01:05 MDT  hyalite:/mnt/lustrefs/scratch/alexander.salois/CSCI447/Project 1/python    302  cat stat_analysis.py 
2019-10-08T18:01:37 MDT  hyalite:/mnt/lustrefs/scratch/alexander.salois/CSCI447/Project 1/python    303  git branch
2019-10-08T18:01:46 MDT  hyalite:/mnt/lustrefs/scratch/alexander.salois/CSCI447/Project 1/python    304  git branch stat_analysis.py 
2019-10-08T18:01:48 MDT  hyalite:/mnt/lustrefs/scratch/alexander.salois/CSCI447/Project 1/python    305  ls
2019-10-08T18:01:55 MDT  hyalite:/mnt/lustrefs/scratch/alexander.salois/CSCI447/Project 1/python    306  git branch 
2019-10-08T18:02:35 MDT  hyalite:/mnt/lustrefs/scratch/alexander.salois/CSCI447/Project 1/python    307  git checkout stat_test
2019-10-08T18:02:48 MDT  hyalite:/mnt/lustrefs/scratch/alexander.salois/CSCI447/Project 1/python    308  git branch
2019-10-08T18:02:58 MDT  hyalite:/mnt/lustrefs/scratch/alexander.salois/CSCI447/Project 1/python    309  ls
2019-10-08T18:03:01 MDT  hyalite:/mnt/lustrefs/scratch/alexander.salois/CSCI447/Project 1/python    310  git pull
2019-10-08T18:03:06 MDT  hyalite:/mnt/lustrefs/scratch/alexander.salois/CSCI447/Project 1/python    311  cat stat_analysis.py 
2019-10-08T18:03:25 MDT  hyalite:/mnt/lustrefs/scratch/alexander.salois/CSCI447/Project 1/python    312  ls
2019-10-08T18:03:35 MDT  hyalite:/mnt/lustrefs/scratch/alexander.salois/CSCI447    313  cd ../../
2019-10-08T18:03:36 MDT  hyalite:/mnt/lustrefs/scratch/alexander.salois/CSCI447    314  ls
2019-10-08T18:03:43 MDT  hyalite:/mnt/lustrefs/scratch/alexander.salois/kernel    315  cd ../kernel/
2019-10-08T18:03:43 MDT  hyalite:/mnt/lustrefs/scratch/alexander.salois/kernel    316  ls
2019-10-08T18:03:46 MDT  hyalite:/mnt/lustrefs/scratch/alexander.salois/kernel/linux-5.3.5    317  cd linux-5.3.5
2019-10-08T18:03:47 MDT  hyalite:/mnt/lustrefs/scratch/alexander.salois/kernel/linux-5.3.5    318  ls
2019-10-08T18:04:15 MDT  hyalite:/mnt/lustrefs/scratch/alexander.salois/kernel/linux-5.3.5    319  cp make_kernel.slurm ../../
2019-10-08T18:04:16 MDT  hyalite:/mnt/lustrefs/scratch/alexander.salois/kernel/linux-5.3.5    320  ls
2019-10-08T18:04:18 MDT  hyalite:/mnt/lustrefs/scratch/alexander.salois/kernel    321  cd ..
2019-10-08T18:04:20 MDT  hyalite:/mnt/lustrefs/scratch/alexander.salois    321  cd ..
2019-10-08T18:04:21 MDT  hyalite:/mnt/lustrefs/scratch/alexander.salois    322  ls
2019-10-08T18:04:36 MDT  hyalite:/mnt/lustrefs/scratch/alexander.salois    323  mv hello.slurm.sh CSCI447/Project\ 1/
2019-10-08T18:04:37 MDT  hyalite:/mnt/lustrefs/scratch/alexander.salois    324  ls
2019-10-08T18:04:41 MDT  hyalite:/mnt/lustrefs/scratch/alexander.salois/CSCI447    325  cd CSCI447/
2019-10-08T18:04:42 MDT  hyalite:/mnt/lustrefs/scratch/alexander.salois/CSCI447    326  ls
2019-10-08T18:04:49 MDT  hyalite:/mnt/lustrefs/scratch/alexander.salois/CSCI447/Project 1    327  cd Project\ 1/
2019-10-08T18:04:49 MDT  hyalite:/mnt/lustrefs/scratch/alexander.salois/CSCI447/Project 1    328  ls
2019-10-08T18:05:24 MDT  hyalite:/mnt/lustrefs/scratch/alexander.salois/CSCI447/Project 1    329  mv hello.slurm.sh ../../../../
2019-10-08T18:05:25 MDT  hyalite:/mnt/lustrefs/scratch/alexander.salois/CSCI447/Project 1    330  ls
2019-10-08T18:05:30 MDT  hyalite:/mnt/lustrefs/scratch/alexander.salois/CSCI447/Project 1    331  mv hello.slurm.sh ../../../
2019-10-08T18:05:35 MDT  hyalite:/mnt/lustrefs/scratch/alexander.salois/CSCI447/Project 1    332  mv hello.slurm.sh ../../
2019-10-08T18:05:37 MDT  hyalite:/mnt/lustrefs/scratch/alexander.salois/CSCI447/Project 1    333  ls
2019-10-08T18:05:40 MDT  hyalite:/mnt/lustrefs/scratch/alexander.salois/CSCI447    334  cd ..
2019-10-08T18:05:42 MDT  hyalite:/mnt/lustrefs/scratch/alexander.salois    334  cd ..
2019-10-08T18:05:43 MDT  hyalite:/mnt/lustrefs/scratch/alexander.salois    335  ls
2019-10-08T18:06:16 MDT  hyalite:/mnt/lustrefs/scratch/alexander.salois    336  mv make_kernel.slurm CSCI447/Project\ 1/python/
2019-10-08T18:06:17 MDT  hyalite:/mnt/lustrefs/scratch/alexander.salois    337  ls
2019-10-08T18:06:32 MDT  hyalite:/mnt/lustrefs/scratch/alexander.salois/CSCI447/Project 1/python    338  cd CSCI447/Project\ 1/python/
2019-10-08T18:06:33 MDT  hyalite:/mnt/lustrefs/scratch/alexander.salois/CSCI447/Project 1/python    339  ls
2019-10-08T18:07:01 MDT  hyalite:/mnt/lustrefs/scratch/alexander.salois/CSCI447/Project 1/python    340  mv make_kernel.slurm run_nb.slurm
2019-10-08T18:07:02 MDT  hyalite:/mnt/lustrefs/scratch/alexander.salois/CSCI447/Project 1/python    341  ls
2019-10-08T18:07:57 MDT  hyalite:/mnt/lustrefs/scratch/alexander.salois/CSCI447/Project 1/python    342  vim run_nb.slurm 
2019-10-08T18:07:59 MDT  hyalite:/mnt/lustrefs/scratch/alexander.salois/CSCI447/Project 1/python    343  ls
2019-10-08T18:09:05 MDT  hyalite:/mnt/lustrefs/scratch/alexander.salois/CSCI447/Project 1/python    344  vim run_nb.slurm 
2019-10-08T18:10:41 MDT  hyalite:/mnt/lustrefs/scratch/alexander.salois/CSCI447/Project 1/python    344  vim run_nb.slurm 
2019-10-08T18:10:49 MDT  hyalite:/mnt/lustrefs/scratch/alexander.salois/CSCI447/Project 1/python    345  sbatch run_nb.slurm 
2019-10-08T18:10:54 MDT  hyalite:/mnt/lustrefs/scratch/alexander.salois/CSCI447/Project 1/python    346  squeue 
2019-10-08T18:10:57 MDT  hyalite:/mnt/lustrefs/scratch/alexander.salois/CSCI447/Project 1/python    347  ls
2019-10-08T18:11:12 MDT  hyalite:/mnt/lustrefs/scratch/alexander.salois/CSCI447/Project 1/python    348  cat nb-1149604.err.txt 
2019-10-08T18:11:26 MDT  hyalite:/mnt/lustrefs/scratch/alexander.salois/CSCI447/Project 1/python    349  vim run_nb.slurm 
2019-10-08T18:11:29 MDT  hyalite:/mnt/lustrefs/scratch/alexander.salois/CSCI447/Project 1/python    350  sbatch run_nb.slurm 
2019-10-08T18:11:32 MDT  hyalite:/mnt/lustrefs/scratch/alexander.salois/CSCI447/Project 1/python    351  squeue 
2019-10-08T18:11:35 MDT  hyalite:/mnt/lustrefs/scratch/alexander.salois/CSCI447/Project 1/python    351  squeue 
2019-10-08T18:11:36 MDT  hyalite:/mnt/lustrefs/scratch/alexander.salois/CSCI447/Project 1/python    352  ls
2019-10-08T18:12:11 MDT  hyalite:/mnt/lustrefs/scratch/alexander.salois/CSCI447/Project 1/python    353  cat nb-1149605.err.txt 
2019-10-08T18:12:24 MDT  hyalite:/mnt/lustrefs/scratch/alexander.salois/CSCI447/Project 1/python    354  cat nb-1149605.out.txt 
2019-10-08T18:15:52 MDT  hyalite:/mnt/lustrefs/scratch/alexander.salois/CSCI447/Project 1/python    355  ls
2019-10-08T18:16:05 MDT  hyalite:/mnt/lustrefs/scratch/alexander.salois/CSCI447/Project 1/python    356  git add *
2019-10-08T18:16:28 MDT  hyalite:/mnt/lustrefs/scratch/alexander.salois/CSCI447/Project 1/python    357  git add nb*
2019-10-08T18:16:40 MDT  hyalite:/mnt/lustrefs/scratch/alexander.salois/CSCI447/Project 1/python    358  git add run_nb.slurm 
2019-10-08T18:19:57 MDT  hyalite:/mnt/lustrefs/scratch/alexander.salois/CSCI447/Project 1/python    359  git commit -m "added a slurm script to run on hyalite cluster'
2019-10-08T18:20:00 MDT  hyalite:/mnt/lustrefs/scratch/alexander.salois/CSCI447/Project 1/python    360  git commit -m "added a slurm script to run on hyalite cluster"
2019-10-08T18:21:07 MDT  hyalite:/mnt/lustrefs/scratch/alexander.salois/CSCI447/Project 1/python    361  git push 
2019-10-08T18:21:39 MDT  hyalite:/mnt/lustrefs/scratch/alexander.salois/CSCI447/Project 1/python    362  git config 
2019-10-08T18:21:48 MDT  hyalite:/mnt/lustrefs/scratch/alexander.salois/CSCI447/Project 1/python    363  git config --gloabal
2019-10-08T18:21:55 MDT  hyalite:/mnt/lustrefs/scratch/alexander.salois/CSCI447/Project 1/python    364  git config --global
2019-10-08T18:22:25 MDT  hyalite:/mnt/lustrefs/scratch/alexander.salois/CSCI447/Project 1/python    365  git config
2019-10-08T18:22:40 MDT  hyalite:/mnt/lustrefs/scratch/alexander.salois/CSCI447/Project 1/python    366  git config --get
2019-10-08T18:23:02 MDT  hyalite:/mnt/lustrefs/scratch/alexander.salois/CSCI447/Project 1/python    367  git config --unset
2019-10-08T18:24:37 MDT  hyalite:/mnt/lustrefs/scratch/alexander.salois/CSCI447/Project 1/python    368  git config --global --unset
2019-10-08T18:30:20 MDT  hyalite:/mnt/lustrefs/scratch/alexander.salois/CSCI447/Project 1/python    369  git push
2019-10-08T18:31:43 MDT  hyalite:/mnt/lustrefs/scratch/alexander.salois/CSCI447/Project 1/python    370  git status
2019-10-08T18:31:55 MDT  hyalite:/mnt/lustrefs/scratch/alexander.salois/CSCI447/Project 1/python    371  git pull
2019-10-08T18:32:02 MDT  hyalite:/mnt/lustrefs/scratch/alexander.salois/CSCI447/Project 1/python    372  ping github.com
2019-10-08T18:32:27 MDT  hyalite:/mnt/lustrefs/scratch/alexander.salois/CSCI447/Project 1/python    373  git push --help
2019-10-08T18:32:29 MDT  hyalite:/mnt/lustrefs/scratch/alexander.salois/CSCI447/Project 1/python    374  git push -h
2019-10-08T18:32:38 MDT  hyalite:/mnt/lustrefs/scratch/alexander.salois/CSCI447/Project 1/python    375  git config
2019-10-08T18:32:45 MDT  hyalite:/mnt/lustrefs/scratch/alexander.salois/CSCI447/Project 1/python    376  git config --local -l
2019-10-08T18:32:49 MDT  hyalite:/mnt/lustrefs/scratch/alexander.salois/CSCI447/Project 1/python    377  git config -l
2019-10-08T18:32:58 MDT  hyalite:/mnt/lustrefs/scratch/alexander.salois/CSCI447/Project 1/python    378  git push
2019-10-08T18:33:58 MDT  hyalite:/mnt/lustrefs/scratch/alexander.salois/CSCI447/Project 1/python    379  git config --local user.email "corvettelover1997@gmail.com"
2019-10-08T18:34:53 MDT  hyalite:/mnt/lustrefs/scratch/alexander.salois/CSCI447/Project 1/python    380  git config --local user.email corvettelover1997@gmail.com
2019-10-08T18:35:20 MDT  hyalite:/mnt/lustrefs/scratch/alexander.salois/CSCI447/Project 1/python    381  git config --global  user.email corvettelover1997@gmail.com
2019-10-08T18:36:00 MDT  hyalite:/mnt/lustrefs/scratch/alexander.salois/CSCI447/Project 1/python    382  git config --global  user.name "Alex Salois"
2019-10-08T18:36:04 MDT  hyalite:/mnt/lustrefs/scratch/alexander.salois/CSCI447/Project 1/python    383  git push
2019-10-08T18:38:21 MDT  hyalite:/mnt/lustrefs/scratch/alexander.salois/CSCI447/Project 1/python    384  ls
2019-10-08T18:38:23 MDT  hyalite:/home/alexander.salois    385  cd 
2019-10-08T18:38:39 MDT  hyalite:/mnt/lustrefs/scratch/alexander.salois    386  cd /mnt/lustrefs/scratch/alexander.salois/
2019-10-08T18:38:40 MDT  hyalite:/mnt/lustrefs/scratch/alexander.salois    387  ls
2019-10-08T18:38:45 MDT  hyalite:/mnt/lustrefs/scratch/alexander.salois/CSCI447    388  cd CSCI447/
2019-10-08T18:38:46 MDT  hyalite:/mnt/lustrefs/scratch/alexander.salois/CSCI447    389  ls
2019-10-08T18:38:48 MDT  hyalite:/mnt/lustrefs/scratch/alexander.salois/CSCI447    390  ll
2019-10-08T18:39:00 MDT  hyalite:/mnt/lustrefs/scratch/alexander.salois    391  cd ..
2019-10-08T18:39:01 MDT  hyalite:/mnt/lustrefs/scratch/alexander.salois    392  ls
2019-10-08T18:39:04 MDT  hyalite:/mnt/lustrefs/scratch/alexander.salois    393  ll
2019-10-08T18:39:14 MDT  hyalite:/mnt/lustrefs/scratch/alexander.salois/CSCI447    394  cd CSCI447/
2019-10-08T18:39:15 MDT  hyalite:/mnt/lustrefs/scratch/alexander.salois/CSCI447    395  ls
2019-10-08T18:39:21 MDT  hyalite:/mnt/lustrefs/scratch/alexander.salois/CSCI447/Project 1    396  cd Project\ 1/
2019-10-08T18:39:22 MDT  hyalite:/mnt/lustrefs/scratch/alexander.salois/CSCI447/Project 1    397  ls
2019-10-08T18:39:26 MDT  hyalite:/mnt/lustrefs/scratch/alexander.salois/CSCI447/Project 1    398  ll
2019-10-08T18:39:30 MDT  hyalite:/mnt/lustrefs/scratch/alexander.salois/CSCI447/Project 1/python    399  cd python/
2019-10-08T18:39:31 MDT  hyalite:/mnt/lustrefs/scratch/alexander.salois/CSCI447/Project 1/python    400  ls
2019-10-08T18:39:33 MDT  hyalite:/mnt/lustrefs/scratch/alexander.salois/CSCI447/Project 1/python    401  ll
2019-10-08T18:39:52 MDT  hyalite:/mnt/lustrefs/scratch/alexander.salois/CSCI447/Project 1    402  cd ../
2019-10-08T18:39:53 MDT  hyalite:/mnt/lustrefs/scratch/alexander.salois/CSCI447/Project 1    403  ld
2019-10-08T18:39:57 MDT  hyalite:/mnt/lustrefs/scratch/alexander.salois/CSCI447    404  cd ../
2019-10-08T18:39:58 MDT  hyalite:/mnt/lustrefs/scratch/alexander.salois/CSCI447    405  ld
2019-10-08T18:40:01 MDT  hyalite:/mnt/lustrefs/scratch/alexander.salois/CSCI447    405  ld
2019-10-08T18:40:04 MDT  hyalite:/mnt/lustrefs/scratch/alexander.salois    406  cd ..
2019-10-08T18:40:06 MDT  hyalite:/mnt/lustrefs/scratch/alexander.salois    407  ls
2019-10-08T18:40:10 MDT  hyalite:/mnt/lustrefs/scratch/alexander.salois/CSCI447    408  cd CSCI447/
2019-10-08T18:40:11 MDT  hyalite:/mnt/lustrefs/scratch/alexander.salois/CSCI447    409  ls
2019-10-08T18:40:14 MDT  hyalite:/mnt/lustrefs/scratch/alexander.salois/CSCI447    410  ll -a
2019-10-08T18:40:20 MDT  hyalite:/mnt/lustrefs/scratch/alexander.salois/CSCI447/.git    411  cd .git
2019-10-08T18:40:21 MDT  hyalite:/mnt/lustrefs/scratch/alexander.salois/CSCI447/.git    412  ls
2019-10-08T18:40:53 MDT  hyalite:/mnt/lustrefs/scratch/alexander.salois/CSCI447/.git    413  vim config 
2019-10-08T18:41:02 MDT  hyalite:/mnt/lustrefs/scratch/alexander.salois/CSCI447/.git    414  git push
2019-10-08T18:41:25 MDT  hyalite:/mnt/lustrefs/scratch/alexander.salois/CSCI447/.git    414  git push
2019-10-08T18:41:31 MDT  hyalite:/mnt/lustrefs/scratch/alexander.salois/CSCI447/.git    414  git push
